<?xml version="1.0" encoding="UTF-8"?>
<coverage generated="1785942198511" clover="3.2.0">
  <project timestamp="1785942198511" name="All files">
    <metrics statements="5" coveredstatements="5" conditionals="9" coveredconditionals="9" methods="1" coveredmethods="1" elements="15" coveredelements="15" complexity="0" loc="5" ncloc="5" packages="1" files="1" classes="1"/>
    <file name="math.js" path="C:\Users\MARCELO\Downloads\git-collision-lab-A\math.js">
      <metrics statements="5" coveredstatements="5" conditionals="9" coveredconditionals="9" methods="1" coveredmethods="1"/>
      <line num="2" count="5" type="cond" truecount="4" falsecount="0"/>
      <line num="3" count="1" type="stmt"/>
      <line num="5" count="4" type="cond" truecount="5" falsecount="0"/>
      <line num="6" count="2" type="stmt"/>
      <line num="8" count="2" type="stmt"/>
    </file>
  </project>
</coverage>
