{"C:\\Users\\MARCELO\\Downloads\\git-collision-lab-A\\math.js": {"path":"C:\\Users\\MARCELO\\Downloads\\git-collision-lab-A\\math.js","statementMap":{"0":{"start":{"line":2,"column":2},"end":{"line":4,"column":null}},"1":{"start":{"line":3,"column":4},"end":{"line":3,"column":null}},"2":{"start":{"line":5,"column":2},"end":{"line":7,"column":null}},"3":{"start":{"line":6,"column":4},"end":{"line":6,"column":null}},"4":{"start":{"line":8,"column":2},"end":{"line":8,"column":null}}},"fnMap":{"0":{"name":"calcularDescuento","decl":{"start":{"line":1,"column":16},"end":{"line":1,"column":33}},"loc":{"start":{"line":1,"column":67},"end":{"line":9,"column":null}},"line":1}},"branchMap":{"0":{"loc":{"start":{"line":2,"column":2},"end":{"line":4,"column":null}},"type":"if","locations":[{"start":{"line":2,"column":2},"end":{"line":4,"column":null}},{"start":{},"end":{}}],"line":2},"1":{"loc":{"start":{"line":2,"column":6},"end":{"line":2,"column":79}},"type":"binary-expr","locations":[{"start":{"line":2,"column":6},"end":{"line":2,"column":36}},{"start":{"line":2,"column":40},"end":{"line":2,"column":79}}],"line":2},"2":{"loc":{"start":{"line":5,"column":2},"end":{"line":7,"column":null}},"type":"if","locations":[{"start":{"line":5,"column":2},"end":{"line":7,"column":null}},{"start":{},"end":{}}],"line":5},"3":{"loc":{"start":{"line":5,"column":6},"end":{"line":5,"column":76}},"type":"binary-expr","locations":[{"start":{"line":5,"column":6},"end":{"line":5,"column":20}},{"start":{"line":5,"column":24},"end":{"line":5,"column":47}},{"start":{"line":5,"column":51},"end":{"line":5,"column":76}}],"line":5}},"s":{"0":5,"1":1,"2":4,"3":2,"4":2},"f":{"0":5},"b":{"0":[1,4],"1":[5,4],"2":[2,2],"3":[4,3,3]},"meta":{"lastBranch":4,"lastFunction":1,"lastStatement":5,"seen":{"f:1:16:1:33":0,"b:2:2:4:Infinity:undefined:undefined:undefined:undefined":0,"s:2:2:4:Infinity":0,"b:2:6:2:36:2:40:2:79":1,"s:3:4:3:Infinity":1,"b:5:2:7:Infinity:undefined:undefined:undefined:undefined":2,"s:5:2:7:Infinity":2,"b:5:6:5:20:5:24:5:47:5:51:5:76":3,"s:6:4:6:Infinity":3,"s:8:2:8:Infinity":4},"fnNames":{}}}
}
